<?xml version="1.0" encoding="UTF-8"?>
<!-- Generated by org.testng.reporters.JUnitXMLReporter -->
<testsuite hostname="DESKTOP-AVN7JFN" ignored="0" name="Test" tests="5" failures="0" timestamp="2020-06-28T12:23:02 EDT" time="0.146" errors="0">
  <testcase name="createTask" time="0.016" classname="testng.GroupDemo"/>
  <testcase name="createUser" time="0.004" classname="testng.GroupDemo"/>
  <testcase name="deleteUser" time="0.008" classname="testng.GroupDemo"/>
  <testcase name="editUser" time="0.012" classname="testng.GroupDemo"/>
  <testcase name="logTime" time="0.012" classname="testng.GroupDemo"/>
</testsuite> <!-- Test -->
